<?xml version="1.0" encoding="UTF-8"?>
<testsuite xmlns:xsi="http://www.w3.org/2001/XMLSchema-instance" xsi:noNamespaceSchemaLocation="https://maven.apache.org/surefire/maven-surefire-plugin/xsd/surefire-test-report.xsd" name="com.api.rest.services.implementations.OfertasServiceImplTest" time="0.268" tests="3" errors="0" skipped="0" failures="3">
  <properties>
[...]
</properties>
  <testcase name="testFindAll" classname="com.api.rest.services.implementations.OfertasServiceImplTest" time="0.212">
    <failure message="expected:&lt;null&gt; but was:&lt;[com.api.rest.models.Ofertas@53093491, com.api.rest.models.Ofertas@21719a0, com.api.rest.models.Ofertas@76b224cd, com.api.rest.models.Ofertas@77ee25f1, com.api.rest.models.Ofertas@6dd93a21, com.api.rest.models.Ofertas@57b9e423]&gt;" type="java.lang.AssertionError"><![CDATA[java.lang.AssertionError: expected:<null> but was:<[com.api.rest.models.Ofertas@53093491, com.api.rest.models.Ofertas@21719a0, com.api.rest.models.Ofertas@76b224cd, com.api.rest.models.Ofertas@77ee25f1, com.api.rest.models.Ofertas@6dd93a21, com.api.rest.models.Ofertas@57b9e423]>
	at com.api.rest.services.implementations.OfertasServiceImplTest.testFindAll(OfertasServiceImplTest.java:52)
]]></failure>
    <system-out><![CDATA[findAll
2018-04-13 00:28:10.251  INFO 14222 --- [           main] o.s.c.s.ClassPathXmlApplicationContext   : Refreshing org.springframework.context.support.ClassPathXmlApplicationContext@1ded7b14: startup date [Fri Apr 13 00:28:10 BRT 2018]; root of context hierarchy
2018-04-13 00:28:10.256  INFO 14222 --- [           main] o.s.b.f.xml.XmlBeanDefinitionReader      : Loading XML bean definitions from class path resource [Spring-Customer.xml]
]]></system-out>
  </testcase>
  <testcase name="testFindStatus" classname="com.api.rest.services.implementations.OfertasServiceImplTest" time="0">
    <failure message="The test case is a prototype." type="java.lang.AssertionError">java.lang.AssertionError: The test case is a prototype.
	at com.api.rest.services.implementations.OfertasServiceImplTest.testFindStatus(OfertasServiceImplTest.java:84)
</failure>
    <system-out><![CDATA[findStatus
]]></system-out>
  </testcase>
  <testcase name="testLerTxt" classname="com.api.rest.services.implementations.OfertasServiceImplTest" time="0.056">
    <failure message="expected:&lt;null&gt; but was:&lt;java.io.BufferedReader@38548b19&gt;" type="java.lang.AssertionError"><![CDATA[java.lang.AssertionError: expected:<null> but was:<java.io.BufferedReader@38548b19>
	at com.api.rest.services.implementations.OfertasServiceImplTest.testLerTxt(OfertasServiceImplTest.java:67)
]]></failure>
    <system-out><![CDATA[lerTxt
2018-04-13 00:28:10.504  INFO 14222 --- [           main] o.s.c.s.ClassPathXmlApplicationContext   : Refreshing org.springframework.context.support.ClassPathXmlApplicationContext@23ee75c5: startup date [Fri Apr 13 00:28:10 BRT 2018]; root of context hierarchy
2018-04-13 00:28:10.505  INFO 14222 --- [           main] o.s.b.f.xml.XmlBeanDefinitionReader      : Loading XML bean definitions from class path resource [Spring-Customer.xml]
]]></system-out>
  </testcase>
</testsuite>